<?xml version="1.0" encoding="utf-8"?><testsuites name="pytest tests"><testsuite name="pytest" errors="0" failures="0" skipped="0" tests="17" time="2.331" timestamp="2026-07-21T18:57:33.897155+00:00" hostname="agent-env-f2af9d03-47e5-4575-b9e9-a072671129c4"><testcase classname="tests.backend_test.TestHealth" name="test_root" time="0.193" /><testcase classname="tests.backend_test.TestHealth" name="test_health" time="0.061" /><testcase classname="tests.backend_test.TestContact" name="test_contact_success" time="0.567" /><testcase classname="tests.backend_test.TestContact" name="test_contact_missing_name" time="0.056" /><testcase classname="tests.backend_test.TestContact" name="test_contact_missing_message" time="0.067" /><testcase classname="tests.backend_test.TestApplications" name="test_apply_success_with_pdf" time="0.418" /><testcase classname="tests.backend_test.TestApplications" name="test_apply_reject_exe" time="0.055" /><testcase classname="tests.backend_test.TestApplications" name="test_apply_reject_oversize" time="0.283" /><testcase classname="tests.backend_test.TestApplications" name="test_apply_missing_required" time="0.056" /><testcase classname="tests.backend_test.TestApplications" name="test_apply_empty_full_name" time="0.056" /><testcase classname="tests.backend_test.TestAdmin" name="test_admin_login_wrong" time="0.056" /><testcase classname="tests.backend_test.TestAdmin" name="test_admin_login_correct" time="0.065" /><testcase classname="tests.backend_test.TestAdmin" name="test_applications_requires_auth" time="0.053" /><testcase classname="tests.backend_test.TestAdmin" name="test_applications_with_auth" time="0.105" /><testcase classname="tests.backend_test.TestAdmin" name="test_contacts_requires_auth" time="0.063" /><testcase classname="tests.backend_test.TestAdmin" name="test_contacts_with_auth" time="0.055" /><testcase classname="tests.backend_test.TestAdmin" name="test_excel_export" time="0.065" /></testsuite></testsuites>